data log created[ Sunday 21st of February 2016 09:34:53 AM ] 
data log created[ Sunday 21st of February 2016 09:36:42 AM ] 
data log created[ Sunday 21st of February 2016 09:36:55 AM ] 
data log created[ Sunday 21st of February 2016 09:54:51 AM ] 
data log created[ Sunday 21st of February 2016 11:15:30 AM ] 
data log created[ Sunday 21st of February 2016 11:26:30 AM ] 
data log created[ Sunday 21st of February 2016 11:28:23 AM ] 
data log created[ Sunday 21st of February 2016 11:28:51 AM ] 
data log created[ Sunday 21st of February 2016 11:29:38 AM ] 
data log created[ Sunday 21st of February 2016 11:31:00 AM ] 
data log created[ Sunday 21st of February 2016 11:32:46 AM ] 
data log created[ Sunday 21st of February 2016 11:33:35 AM ] 
data log created[ Sunday 21st of February 2016 11:37:42 AM ] 
data log created[ Sunday 21st of February 2016 11:39:16 AM ] 
data log created[ Sunday 21st of February 2016 11:39:41 AM ] 
data log created[ Sunday 21st of February 2016 11:47:04 AM ] 
data log created[ Sunday 21st of February 2016 11:48:18 AM ] 
data log created[ Sunday 21st of February 2016 11:50:52 AM ] 
data log created[ Sunday 21st of February 2016 11:51:05 AM ] 
data log created[ Sunday 21st of February 2016 12:00:40 PM ] 
data log created[ Sunday 21st of February 2016 12:01:10 PM ] 
data log created[ Sunday 21st of February 2016 08:46:07 PM ] 
data log created[ Sunday 21st of February 2016 09:01:56 PM ] 
data log created[ Sunday 21st of February 2016 09:02:31 PM ] 
data log created[ Sunday 21st of February 2016 09:02:59 PM ] 
data log created[ Sunday 21st of February 2016 09:03:42 PM ] 
data log created[ Sunday 21st of February 2016 09:18:33 PM ] 
data log created[ Sunday 21st of February 2016 09:19:45 PM ] 
data log created[ Sunday 21st of February 2016 09:20:06 PM ] 
data log created[ Sunday 21st of February 2016 09:20:27 PM ] 
data log created[ Sunday 21st of February 2016 09:22:27 PM ] 
data log created[ Monday 22nd of February 2016 10:16:22 AM ] 
data log created[ Monday 22nd of February 2016 10:30:44 AM ] 
data log created[ Tuesday 23rd of February 2016 04:24:27 PM ] 
data log created[ Tuesday 23rd of February 2016 04:28:30 PM ] 
data log created[ Tuesday 23rd of February 2016 04:30:28 PM ] 
data log created[ Tuesday 23rd of February 2016 04:31:08 PM ] 
data log created[ Tuesday 23rd of February 2016 04:39:46 PM ] 
data log created[ Wednesday 24th of February 2016 04:23:43 PM ] 
data log created[ Wednesday 24th of February 2016 04:24:32 PM ] 
data log created[ Friday 26th of February 2016 10:02:17 AM ] 
data log created[ Friday 26th of February 2016 10:04:01 AM ] 
data log created[ Friday 26th of February 2016 10:14:45 AM ] 
data log created[ Friday 26th of February 2016 10:15:45 AM ] 
data log created[ Friday 26th of February 2016 10:16:05 AM ] 
data log created[ Friday 26th of February 2016 10:17:16 AM ] 
data log created[ Friday 26th of February 2016 06:32:11 PM ] 
data log created[ Friday 26th of February 2016 06:32:54 PM ] 
data log created[ Friday 26th of February 2016 06:33:14 PM ] 
data log created[ Friday 26th of February 2016 06:35:16 PM ] 
data log created[ Friday 26th of February 2016 07:23:54 PM ] 
data log created[ Friday 26th of February 2016 07:25:19 PM ] 
data log created[ Friday 26th of February 2016 07:26:23 PM ] 
data log created[ Friday 26th of February 2016 07:29:27 PM ] 
data log created[ Friday 26th of February 2016 07:30:09 PM ] 
data log created[ Friday 26th of February 2016 07:34:56 PM ] 
data log created[ Friday 26th of February 2016 07:35:55 PM ] 
data log created[ Friday 26th of February 2016 07:36:28 PM ] 
data log created[ Friday 26th of February 2016 07:38:03 PM ] 
data log created[ Friday 26th of February 2016 07:38:21 PM ] 
data log created[ Friday 26th of February 2016 07:39:52 PM ] 
data log created[ Friday 26th of February 2016 07:40:09 PM ] 
data log created[ Friday 26th of February 2016 07:40:57 PM ] 
data log created[ Friday 26th of February 2016 07:41:53 PM ] 
data log created[ Friday 26th of February 2016 07:42:53 PM ] 
data log created[ Friday 26th of February 2016 07:43:39 PM ] 
data log created[ Friday 26th of February 2016 07:44:36 PM ] 
data log created[ Friday 26th of February 2016 07:45:03 PM ] 
data log created[ Friday 26th of February 2016 07:45:54 PM ] 
data log created[ Friday 26th of February 2016 07:47:42 PM ] 
data log created[ Friday 26th of February 2016 07:48:07 PM ] 
data log created[ Friday 26th of February 2016 07:49:06 PM ] 
data log created[ Friday 26th of February 2016 07:49:42 PM ] 
data log created[ Friday 26th of February 2016 07:50:55 PM ] 
data log created[ Friday 26th of February 2016 07:53:47 PM ] 
data log created[ Friday 26th of February 2016 07:54:53 PM ] 
data log created[ Friday 26th of February 2016 07:55:33 PM ] 
data log created[ Friday 26th of February 2016 07:55:58 PM ] 
data log created[ Friday 26th of February 2016 07:58:17 PM ] 
data log created[ Friday 26th of February 2016 08:01:03 PM ] 
data log created[ Friday 26th of February 2016 08:02:41 PM ] 
data log created[ Friday 26th of February 2016 08:02:58 PM ] 
data log created[ Friday 26th of February 2016 08:13:15 PM ] 
data log created[ Friday 26th of February 2016 08:15:18 PM ] 
data log created[ Friday 26th of February 2016 08:17:32 PM ] 
data log created[ Friday 26th of February 2016 08:18:38 PM ] 
data log created[ Friday 26th of February 2016 08:20:05 PM ] 
data log created[ Friday 26th of February 2016 08:20:35 PM ] 
data log created[ Friday 26th of February 2016 08:21:05 PM ] 
data log created[ Friday 26th of February 2016 08:21:16 PM ] 
data log created[ Friday 26th of February 2016 08:22:14 PM ] 
data log created[ Friday 26th of February 2016 08:22:35 PM ] 
data log created[ Friday 26th of February 2016 08:26:33 PM ] 
data log created[ Friday 26th of February 2016 08:28:29 PM ] 
data log created[ Friday 26th of February 2016 08:28:45 PM ] 
data log created[ Friday 26th of February 2016 08:33:15 PM ] 
data log created[ Friday 26th of February 2016 08:33:28 PM ] 
data log created[ Friday 26th of February 2016 08:35:31 PM ] 
data log created[ Friday 26th of February 2016 08:36:57 PM ] 
data log created[ Friday 26th of February 2016 08:37:58 PM ] 
data log created[ Friday 26th of February 2016 08:38:30 PM ] 
data log created[ Friday 26th of February 2016 08:40:04 PM ] 
data log created[ Friday 26th of February 2016 08:40:37 PM ] 
data log created[ Friday 26th of February 2016 08:41:42 PM ] 
data log created[ Friday 26th of February 2016 08:42:05 PM ] 
data log created[ Friday 26th of February 2016 08:42:47 PM ] 
data log created[ Friday 26th of February 2016 08:43:07 PM ] 
data log created[ Friday 26th of February 2016 08:43:19 PM ] 
data log created[ Friday 26th of February 2016 08:44:12 PM ] 
data log created[ Friday 26th of February 2016 08:45:05 PM ] 
data log created[ Friday 26th of February 2016 08:47:34 PM ] 
data log created[ Friday 26th of February 2016 08:51:13 PM ] 
data log created[ Friday 26th of February 2016 08:54:12 PM ] 
data log created[ Friday 26th of February 2016 08:58:00 PM ] 
data log created[ Friday 26th of February 2016 08:58:21 PM ] 
data log created[ Friday 26th of February 2016 08:59:26 PM ] 
data log created[ Friday 26th of February 2016 09:09:43 PM ] 
data log created[ Monday 29th of February 2016 11:49:06 AM ] 
data log created[ Monday 29th of February 2016 03:39:57 PM ] 
data log created[ Monday 29th of February 2016 03:40:09 PM ] 
data log created[ Monday 29th of February 2016 03:46:17 PM ] 
data log created[ Monday 29th of February 2016 03:50:21 PM ] 
data log created[ Monday 29th of February 2016 03:51:23 PM ] 
data log created[ Monday 29th of February 2016 03:52:12 PM ] 
data log created[ Monday 29th of February 2016 03:56:59 PM ] 
data log created[ Monday 29th of February 2016 03:57:46 PM ] 
data log created[ Monday 29th of February 2016 03:58:02 PM ] 
data log created[ Monday 29th of February 2016 03:59:49 PM ] 
data log created[ Monday 29th of February 2016 04:00:18 PM ] 
data log created[ Monday 29th of February 2016 04:00:48 PM ] 
data log created[ Monday 29th of February 2016 04:01:12 PM ] 
data log created[ Monday 29th of February 2016 04:01:47 PM ] 
data log created[ Monday 29th of February 2016 04:02:42 PM ] 
data log created[ Monday 29th of February 2016 04:03:25 PM ] 
data log created[ Monday 29th of February 2016 04:03:51 PM ] 
data log created[ Monday 29th of February 2016 04:06:19 PM ] 
data log created[ Monday 29th of February 2016 04:07:42 PM ] 
data log created[ Monday 29th of February 2016 04:10:44 PM ] 
data log created[ Monday 29th of February 2016 04:11:16 PM ] 
data log created[ Monday 29th of February 2016 05:55:17 PM ] 
data log created[ Monday 29th of February 2016 06:00:12 PM ] 
data log created[ Monday 29th of February 2016 08:17:05 PM ] 
data log created[ Monday 29th of February 2016 09:13:35 PM ] 
data log created[ Monday 29th of February 2016 09:15:21 PM ] 
data log created[ Monday 29th of February 2016 09:20:26 PM ] 
data log created[ Monday 29th of February 2016 09:20:51 PM ] 
data log created[ Monday 29th of February 2016 09:21:20 PM ] 
data log created[ Monday 29th of February 2016 09:21:34 PM ] 
data log created[ Monday 29th of February 2016 09:22:40 PM ] 
data log created[ Monday 29th of February 2016 09:29:51 PM ] 
data log created[ Monday 29th of February 2016 09:36:02 PM ] 
data log created[ Monday 29th of February 2016 09:36:04 PM ] 
data log created[ Monday 29th of February 2016 09:36:06 PM ] 
data log created[ Monday 29th of February 2016 09:36:08 PM ] 
data log created[ Monday 29th of February 2016 09:36:16 PM ] 
data log created[ Monday 29th of February 2016 09:39:40 PM ] 
data log created[ Monday 29th of February 2016 09:39:59 PM ] 
data log created[ Monday 29th of February 2016 09:40:20 PM ] 
data log created[ Monday 29th of February 2016 09:40:36 PM ] 
data log created[ Monday 29th of February 2016 09:49:23 PM ] 
data log created[ Monday 29th of February 2016 09:53:47 PM ] 
data log created[ Monday 29th of February 2016 09:58:28 PM ] 
data log created[ Monday 29th of February 2016 10:01:05 PM ] 
data log created[ Monday 29th of February 2016 10:01:28 PM ] 
data log created[ Monday 29th of February 2016 10:01:49 PM ] 
data log created[ Tuesday 1st of March 2016 10:52:25 AM ] 
data log created[ Tuesday 1st of March 2016 11:08:05 AM ] 
data log created[ Tuesday 1st of March 2016 12:18:06 PM ] 
data log created[ Tuesday 1st of March 2016 12:18:57 PM ] 
data log created[ Tuesday 1st of March 2016 12:20:38 PM ] 
data log created[ Tuesday 1st of March 2016 12:25:50 PM ] 
data log created[ Tuesday 1st of March 2016 12:29:21 PM ] 
data log created[ Tuesday 1st of March 2016 12:33:57 PM ] 
data log created[ Tuesday 1st of March 2016 01:44:20 PM ] 
data log created[ Tuesday 1st of March 2016 01:44:45 PM ] 
data log created[ Tuesday 1st of March 2016 01:46:12 PM ] 
data log created[ Tuesday 1st of March 2016 01:47:23 PM ] 
data log created[ Tuesday 1st of March 2016 01:52:13 PM ] 
data log created[ Tuesday 1st of March 2016 01:52:40 PM ] 
data log created[ Tuesday 1st of March 2016 01:52:57 PM ] 
data log created[ Tuesday 1st of March 2016 01:53:20 PM ] 
