[ Wednesday 11th of November 2015 06:51:24 PM] [success] a proper database connection was established!

[ Wednesday 11th of November 2015 06:51:24 PM] Properly connected to byrne-systems database.

[ Wednesday 11th of November 2015 06:51:24 PM] Host: 127.0.0.1 via TCP/IP

[ Wednesday 11th of November 2015 06:51:24 PM] [success] query executed successfully

[ Wednesday 13th of April 2016 11:15:38 AM] [success] a proper connection to MySQL was made!
[ Wednesday 13th of April 2016 11:15:38 AM] Properly connected to williams database.
[ Wednesday 13th of April 2016 11:15:38 AM] Host: localhost via TCP/IP
[ Wednesday 13th of April 2016 11:47:04 AM] [success] a proper connection to MySQL was made!
[ Wednesday 13th of April 2016 11:47:04 AM] Properly connected to williams database.
[ Wednesday 13th of April 2016 11:47:04 AM] Host: localhost via TCP/IP
[ Wednesday 13th of April 2016 12:06:54 PM] [success] a proper connection to MySQL was made!
[ Wednesday 13th of April 2016 12:06:54 PM] Properly connected to williams database.
[ Wednesday 13th of April 2016 12:06:54 PM] Host: localhost via TCP/IP
[ Wednesday 13th of April 2016 12:09:59 PM] [success] a proper connection to MySQL was made!
[ Wednesday 13th of April 2016 12:09:59 PM] Properly connected to williams database.
[ Wednesday 13th of April 2016 12:09:59 PM] Host: localhost via TCP/IP
[ Thursday 14th of April 2016 08:25:09 PM] [success] a proper connection to MySQL was made!
[ Thursday 14th of April 2016 08:25:09 PM] Properly connected to williams database.
[ Thursday 14th of April 2016 08:25:09 PM] Host: localhost via TCP/IP
[ Thursday 14th of April 2016 08:25:10 PM] [success] a proper connection to MySQL was made!
[ Thursday 14th of April 2016 08:25:10 PM] Properly connected to williams database.
[ Thursday 14th of April 2016 08:25:10 PM] Host: localhost via TCP/IP
[ Thursday 14th of April 2016 08:26:59 PM] [success] a proper connection to MySQL was made!
[ Thursday 14th of April 2016 08:26:59 PM] Properly connected to williams database.
[ Thursday 14th of April 2016 08:26:59 PM] Host: localhost via TCP/IP
[ Thursday 14th of April 2016 08:28:14 PM] [success] a proper connection to MySQL was made!
[ Thursday 14th of April 2016 08:28:14 PM] Properly connected to williams database.
[ Thursday 14th of April 2016 08:28:14 PM] Host: localhost via TCP/IP
[ Thursday 14th of April 2016 08:29:25 PM] [success] a proper connection to MySQL was made!
[ Thursday 14th of April 2016 08:29:25 PM] Properly connected to williams database.
[ Thursday 14th of April 2016 08:29:25 PM] Host: localhost via TCP/IP
[ Thursday 14th of April 2016 08:32:05 PM] [success] a proper connection to MySQL was made!
[ Thursday 14th of April 2016 08:32:05 PM] Properly connected to williams database.
[ Thursday 14th of April 2016 08:32:05 PM] Host: localhost via TCP/IP
[ Thursday 14th of April 2016 08:36:23 PM] [success] a proper connection to MySQL was made!
[ Thursday 14th of April 2016 08:36:23 PM] Properly connected to williams database.
[ Thursday 14th of April 2016 08:36:23 PM] Host: localhost via TCP/IP
[ Thursday 14th of April 2016 08:39:21 PM] [success] a proper connection to MySQL was made!
[ Thursday 14th of April 2016 08:39:21 PM] Properly connected to williams database.
[ Thursday 14th of April 2016 08:39:21 PM] Host: localhost via TCP/IP
[ Thursday 14th of April 2016 08:53:43 PM] [success] a proper connection to MySQL was made!
[ Thursday 14th of April 2016 08:53:43 PM] Properly connected to williams database.
[ Thursday 14th of April 2016 08:53:43 PM] Host: localhost via TCP/IP
[ Thursday 14th of April 2016 08:53:45 PM] [success] a proper connection to MySQL was made!
[ Thursday 14th of April 2016 08:53:45 PM] Properly connected to williams database.
[ Thursday 14th of April 2016 08:53:45 PM] Host: localhost via TCP/IP
[ Thursday 14th of April 2016 08:54:15 PM] [success] a proper connection to MySQL was made!
[ Thursday 14th of April 2016 08:54:15 PM] Properly connected to williams database.
[ Thursday 14th of April 2016 08:54:15 PM] Host: localhost via TCP/IP
[ Thursday 14th of April 2016 08:54:41 PM] [success] a proper connection to MySQL was made!
[ Thursday 14th of April 2016 08:54:41 PM] Properly connected to williams database.
[ Thursday 14th of April 2016 08:54:41 PM] Host: localhost via TCP/IP
[ Saturday 16th of April 2016 11:38:28 AM] [success] a proper connection to MySQL was made!
[ Saturday 16th of April 2016 11:38:28 AM] Properly connected to williams database.
[ Saturday 16th of April 2016 11:38:28 AM] Host: localhost via TCP/IP
[ Saturday 16th of April 2016 11:38:49 AM] [success] a proper connection to MySQL was made!
[ Saturday 16th of April 2016 11:38:49 AM] Properly connected to williams database.
[ Saturday 16th of April 2016 11:38:49 AM] Host: localhost via TCP/IP
[ Saturday 16th of April 2016 11:39:47 AM] [success] a proper connection to MySQL was made!
[ Saturday 16th of April 2016 11:39:47 AM] Properly connected to williams database.
[ Saturday 16th of April 2016 11:39:47 AM] Host: localhost via TCP/IP
[ Saturday 16th of April 2016 11:40:39 AM] [success] a proper connection to MySQL was made!
[ Saturday 16th of April 2016 11:40:39 AM] Properly connected to williams database.
[ Saturday 16th of April 2016 11:40:39 AM] Host: localhost via TCP/IP
[ Saturday 16th of April 2016 11:40:48 AM] [success] a proper connection to MySQL was made!
[ Saturday 16th of April 2016 11:40:48 AM] Properly connected to williams database.
[ Saturday 16th of April 2016 11:40:48 AM] Host: localhost via TCP/IP
[ Saturday 16th of April 2016 11:41:00 AM] [success] a proper connection to MySQL was made!
[ Saturday 16th of April 2016 11:41:00 AM] Properly connected to williams database.
[ Saturday 16th of April 2016 11:41:00 AM] Host: localhost via TCP/IP
[ Saturday 16th of April 2016 11:41:39 AM] [success] a proper connection to MySQL was made!
[ Saturday 16th of April 2016 11:41:39 AM] Properly connected to williams database.
[ Saturday 16th of April 2016 11:41:39 AM] Host: localhost via TCP/IP
[ Saturday 16th of April 2016 11:41:42 AM] [success] a proper connection to MySQL was made!
[ Saturday 16th of April 2016 11:41:42 AM] Properly connected to williams database.
[ Saturday 16th of April 2016 11:41:42 AM] Host: localhost via TCP/IP
[ Saturday 16th of April 2016 11:41:49 AM] [success] a proper connection to MySQL was made!
[ Saturday 16th of April 2016 11:41:49 AM] Properly connected to williams database.
[ Saturday 16th of April 2016 11:41:49 AM] Host: localhost via TCP/IP
[ Saturday 16th of April 2016 11:42:11 AM] [success] a proper connection to MySQL was made!
[ Saturday 16th of April 2016 11:42:11 AM] Properly connected to williams database.
[ Saturday 16th of April 2016 11:42:11 AM] Host: localhost via TCP/IP
[ Saturday 16th of April 2016 11:42:26 AM] [success] a proper connection to MySQL was made!
[ Saturday 16th of April 2016 11:42:26 AM] Properly connected to williams database.
[ Saturday 16th of April 2016 11:42:26 AM] Host: localhost via TCP/IP
[ Saturday 16th of April 2016 11:42:30 AM] [success] a proper connection to MySQL was made!
[ Saturday 16th of April 2016 11:42:30 AM] Properly connected to williams database.
[ Saturday 16th of April 2016 11:42:30 AM] Host: localhost via TCP/IP
[ Saturday 16th of April 2016 11:42:52 AM] [success] a proper connection to MySQL was made!
[ Saturday 16th of April 2016 11:42:52 AM] Properly connected to williams database.
[ Saturday 16th of April 2016 11:42:52 AM] Host: localhost via TCP/IP
[ Saturday 16th of April 2016 11:43:05 AM] [success] a proper connection to MySQL was made!
[ Saturday 16th of April 2016 11:43:05 AM] Properly connected to williams database.
[ Saturday 16th of April 2016 11:43:05 AM] Host: localhost via TCP/IP
[ Saturday 16th of April 2016 11:43:13 AM] [success] a proper connection to MySQL was made!
[ Saturday 16th of April 2016 11:43:13 AM] Properly connected to williams database.
[ Saturday 16th of April 2016 11:43:13 AM] Host: localhost via TCP/IP
[ Saturday 16th of April 2016 11:43:17 AM] [success] a proper connection to MySQL was made!
[ Saturday 16th of April 2016 11:43:17 AM] Properly connected to williams database.
[ Saturday 16th of April 2016 11:43:17 AM] Host: localhost via TCP/IP
[ Saturday 16th of April 2016 11:43:22 AM] [success] a proper connection to MySQL was made!
[ Saturday 16th of April 2016 11:43:22 AM] Properly connected to williams database.
[ Saturday 16th of April 2016 11:43:22 AM] Host: localhost via TCP/IP
[ Saturday 16th of April 2016 11:44:09 AM] [success] a proper connection to MySQL was made!
[ Saturday 16th of April 2016 11:44:09 AM] Properly connected to williams database.
[ Saturday 16th of April 2016 11:44:09 AM] Host: localhost via TCP/IP
[ Saturday 16th of April 2016 11:44:16 AM] [success] a proper connection to MySQL was made!
[ Saturday 16th of April 2016 11:44:16 AM] Properly connected to williams database.
[ Saturday 16th of April 2016 11:44:16 AM] Host: localhost via TCP/IP
[ Saturday 16th of April 2016 11:44:22 AM] [success] a proper connection to MySQL was made!
[ Saturday 16th of April 2016 11:44:22 AM] Properly connected to williams database.
[ Saturday 16th of April 2016 11:44:22 AM] Host: localhost via TCP/IP
[ Saturday 16th of April 2016 11:44:26 AM] [success] a proper connection to MySQL was made!
[ Saturday 16th of April 2016 11:44:26 AM] Properly connected to williams database.
[ Saturday 16th of April 2016 11:44:26 AM] Host: localhost via TCP/IP
[ Saturday 16th of April 2016 11:44:27 AM] [success] a proper connection to MySQL was made!
[ Saturday 16th of April 2016 11:44:27 AM] Properly connected to williams database.
[ Saturday 16th of April 2016 11:44:27 AM] Host: localhost via TCP/IP
[ Saturday 16th of April 2016 11:44:53 AM] [success] a proper connection to MySQL was made!
[ Saturday 16th of April 2016 11:44:53 AM] Properly connected to williams database.
[ Saturday 16th of April 2016 11:44:53 AM] Host: localhost via TCP/IP
[ Saturday 16th of April 2016 11:44:56 AM] [success] a proper connection to MySQL was made!
[ Saturday 16th of April 2016 11:44:56 AM] Properly connected to williams database.
[ Saturday 16th of April 2016 11:44:56 AM] Host: localhost via TCP/IP
[ Saturday 16th of April 2016 11:44:59 AM] [success] a proper connection to MySQL was made!
[ Saturday 16th of April 2016 11:44:59 AM] Properly connected to williams database.
[ Saturday 16th of April 2016 11:44:59 AM] Host: localhost via TCP/IP
[ Saturday 16th of April 2016 11:46:25 AM] [success] a proper connection to MySQL was made!
[ Saturday 16th of April 2016 11:46:25 AM] Properly connected to williams database.
[ Saturday 16th of April 2016 11:46:25 AM] Host: localhost via TCP/IP
[ Saturday 16th of April 2016 11:57:32 AM] [success] a proper connection to MySQL was made!
[ Saturday 16th of April 2016 11:57:32 AM] Properly connected to williams database.
[ Saturday 16th of April 2016 11:57:32 AM] Host: localhost via TCP/IP
[ Saturday 16th of April 2016 11:58:56 AM] [success] a proper connection to MySQL was made!
[ Saturday 16th of April 2016 11:58:56 AM] Properly connected to williams database.
[ Saturday 16th of April 2016 11:58:56 AM] Host: localhost via TCP/IP
[ Saturday 16th of April 2016 11:59:54 AM] [success] a proper connection to MySQL was made!
[ Saturday 16th of April 2016 11:59:54 AM] Properly connected to williams database.
[ Saturday 16th of April 2016 11:59:54 AM] Host: localhost via TCP/IP
