[ Monday 4th of April 2016 12:24:52 PM ] | [ERROR] "Standard Email not found!"
    LIN: #171 - WSC\Framework\Engines\HTML::mailto()
    SRC: "C:\xampp\htdocs\lib\wsc_Framework\html.class.php"

[ Monday 4th of April 2016 12:24:52 PM ] | [ERROR] "No meta tag set!"
    LIN: #221 - WSC\Framework\Engines\HTML::meta()
    SRC: "C:\xampp\htdocs\lib\wsc_Framework\html.class.php"

[ Monday 4th of April 2016 12:25:51 PM ] | [ERROR] "Standard Email not found!"
    LIN: #171 - WSC\Framework\Engines\HTML::mailto()
    SRC: "C:\xampp\htdocs\lib\wsc_Framework\html.class.php"

[ Monday 4th of April 2016 12:25:51 PM ] | [ERROR] "No meta tag set!"
    LIN: #221 - WSC\Framework\Engines\HTML::meta()
    SRC: "C:\xampp\htdocs\lib\wsc_Framework\html.class.php"

[ Monday 4th of April 2016 12:26:16 PM ] | [ERROR] "Standard Email not found!"
    LIN: #171 - WSC\Framework\Engines\HTML::mailto()
    SRC: "C:\xampp\htdocs\lib\wsc_Framework\html.class.php"

[ Monday 4th of April 2016 12:26:16 PM ] | [ERROR] "No meta tag set!"
    LIN: #221 - WSC\Framework\Engines\HTML::meta()
    SRC: "C:\xampp\htdocs\lib\wsc_Framework\html.class.php"

[ Tuesday 5th of April 2016 09:49:17 AM ] | [ERROR] "Standard Email not found!"
    LIN: #171 - WSC\Framework\Engines\HTML::mailto()
    SRC: "C:\xampp\htdocs\lib\wsc_Framework\html.class.php"

[ Tuesday 5th of April 2016 09:49:17 AM ] | [ERROR] "No meta tag set!"
    LIN: #221 - WSC\Framework\Engines\HTML::meta()
    SRC: "C:\xampp\htdocs\lib\wsc_Framework\html.class.php"

[ Tuesday 5th of April 2016 10:13:02 AM ] | [ERROR] "Standard Email not found!"
    LIN: #171 - WSC\Framework\Engines\HTML::mailto()
    SRC: "C:\xampp\htdocs\lib\wsc_Framework\html.class.php"

[ Tuesday 5th of April 2016 10:13:02 AM ] | [ERROR] "No meta tag set!"
    LIN: #221 - WSC\Framework\Engines\HTML::meta()
    SRC: "C:\xampp\htdocs\lib\wsc_Framework\html.class.php"

[ Tuesday 5th of April 2016 10:13:39 AM ] | [ERROR] "Standard Email not found!"
    LIN: #171 - WSC\Framework\Engines\HTML::mailto()
    SRC: "C:\xampp\htdocs\lib\wsc_Framework\html.class.php"

[ Tuesday 5th of April 2016 10:13:39 AM ] | [ERROR] "No meta tag set!"
    LIN: #221 - WSC\Framework\Engines\HTML::meta()
    SRC: "C:\xampp\htdocs\lib\wsc_Framework\html.class.php"

[ Tuesday 5th of April 2016 10:15:53 AM ] | [ERROR] "Standard Email not found!"
    LIN: #171 - WSC\Framework\Engines\HTML::mailto()
    SRC: "C:\xampp\htdocs\lib\wsc_Framework\html.class.php"

[ Tuesday 5th of April 2016 10:15:53 AM ] | [ERROR] "No meta tag set!"
    LIN: #221 - WSC\Framework\Engines\HTML::meta()
    SRC: "C:\xampp\htdocs\lib\wsc_Framework\html.class.php"

[ Tuesday 5th of April 2016 10:16:32 AM ] | [ERROR] "Standard Email not found!"
    LIN: #171 - WSC\Framework\Engines\HTML::mailto()
    SRC: "C:\xampp\htdocs\lib\wsc_Framework\html.class.php"

[ Tuesday 5th of April 2016 10:16:33 AM ] | [ERROR] "No meta tag set!"
    LIN: #221 - WSC\Framework\Engines\HTML::meta()
    SRC: "C:\xampp\htdocs\lib\wsc_Framework\html.class.php"

[ Tuesday 5th of April 2016 10:16:50 AM ] | [ERROR] "Standard Email not found!"
    LIN: #171 - WSC\Framework\Engines\HTML::mailto()
    SRC: "C:\xampp\htdocs\lib\wsc_Framework\html.class.php"

[ Tuesday 5th of April 2016 10:16:50 AM ] | [ERROR] "No meta tag set!"
    LIN: #221 - WSC\Framework\Engines\HTML::meta()
    SRC: "C:\xampp\htdocs\lib\wsc_Framework\html.class.php"

[ Tuesday 5th of April 2016 10:19:04 AM ] | [ERROR] "Standard Email not found!"
    LIN: #171 - WSC\Framework\Engines\HTML::mailto()
    SRC: "C:\xampp\htdocs\lib\wsc_Framework\html.class.php"

[ Tuesday 5th of April 2016 10:19:04 AM ] | [ERROR] "No meta tag set!"
    LIN: #221 - WSC\Framework\Engines\HTML::meta()
    SRC: "C:\xampp\htdocs\lib\wsc_Framework\html.class.php"

[ Tuesday 5th of April 2016 10:29:55 AM ] | [ERROR] "Standard Email not found!"
    LIN: #171 - WSC\Framework\Engines\HTML::mailto()
    SRC: "C:\xampp\htdocs\lib\wsc_Framework\html.class.php"

[ Tuesday 5th of April 2016 10:29:55 AM ] | [ERROR] "No meta tag set!"
    LIN: #221 - WSC\Framework\Engines\HTML::meta()
    SRC: "C:\xampp\htdocs\lib\wsc_Framework\html.class.php"

[ Tuesday 5th of April 2016 10:30:16 AM ] | [ERROR] "Standard Email not found!"
    LIN: #171 - WSC\Framework\Engines\HTML::mailto()
    SRC: "C:\xampp\htdocs\lib\wsc_Framework\html.class.php"

[ Tuesday 5th of April 2016 10:30:16 AM ] | [ERROR] "No meta tag set!"
    LIN: #221 - WSC\Framework\Engines\HTML::meta()
    SRC: "C:\xampp\htdocs\lib\wsc_Framework\html.class.php"

[ Tuesday 5th of April 2016 11:15:09 AM ] | [ERROR] "Standard Email not found!"
    LIN: #171 - WSC\Framework\Engines\HTML::mailto()
    SRC: "C:\xampp\htdocs\lib\wsc_Framework\html.class.php"

[ Tuesday 5th of April 2016 11:15:09 AM ] | [ERROR] "No meta tag set!"
    LIN: #221 - WSC\Framework\Engines\HTML::meta()
    SRC: "C:\xampp\htdocs\lib\wsc_Framework\html.class.php"

[ Tuesday 5th of April 2016 11:15:39 AM ] | [ERROR] "Standard Email not found!"
    LIN: #171 - WSC\Framework\Engines\HTML::mailto()
    SRC: "C:\xampp\htdocs\lib\wsc_Framework\html.class.php"

[ Tuesday 5th of April 2016 11:15:39 AM ] | [ERROR] "No meta tag set!"
    LIN: #221 - WSC\Framework\Engines\HTML::meta()
    SRC: "C:\xampp\htdocs\lib\wsc_Framework\html.class.php"

[ Tuesday 5th of April 2016 11:16:37 AM ] | [ERROR] "Standard Email not found!"
    LIN: #171 - WSC\Framework\Engines\HTML::mailto()
    SRC: "C:\xampp\htdocs\lib\wsc_Framework\html.class.php"

[ Tuesday 5th of April 2016 11:16:37 AM ] | [ERROR] "No meta tag set!"
    LIN: #221 - WSC\Framework\Engines\HTML::meta()
    SRC: "C:\xampp\htdocs\lib\wsc_Framework\html.class.php"

[ Tuesday 5th of April 2016 11:50:11 AM ] | [ERROR] "Standard Email not found!"
    LIN: #171 - WSC\Framework\Engines\HTML::mailto()
    SRC: "C:\xampp\htdocs\lib\wsc_Framework\html.class.php"

[ Tuesday 5th of April 2016 11:50:11 AM ] | [ERROR] "No meta tag set!"
    LIN: #221 - WSC\Framework\Engines\HTML::meta()
    SRC: "C:\xampp\htdocs\lib\wsc_Framework\html.class.php"

[ Wednesday 6th of April 2016 07:35:32 AM ] | [ERROR] "Standard Email not found!"
    LIN: #171 - WSC\Framework\Engines\HTML::mailto()
    SRC: "C:\xampp\htdocs\lib\wsc_Framework\html.class.php"

[ Wednesday 6th of April 2016 07:35:33 AM ] | [ERROR] "No meta tag set!"
    LIN: #221 - WSC\Framework\Engines\HTML::meta()
    SRC: "C:\xampp\htdocs\lib\wsc_Framework\html.class.php"

[ Wednesday 6th of April 2016 07:36:48 AM ] | [ERROR] "Standard Email not found!"
    LIN: #171 - WSC\Framework\Engines\HTML::mailto()
    SRC: "C:\xampp\htdocs\lib\wsc_Framework\html.class.php"

[ Wednesday 6th of April 2016 07:36:48 AM ] | [ERROR] "No meta tag set!"
    LIN: #221 - WSC\Framework\Engines\HTML::meta()
    SRC: "C:\xampp\htdocs\lib\wsc_Framework\html.class.php"

